[debug] [2025-07-23T17:38:53.673Z] ----------------------------------------------------------------------
[debug] [2025-07-23T17:38:53.675Z] Command:       /usr/local/share/nvm/versions/node/v22.17.0/bin/node /home/codespace/nvm/current/bin/firebase deploy
[debug] [2025-07-23T17:38:53.675Z] CLI Version:   14.11.1
[debug] [2025-07-23T17:38:53.675Z] Platform:      linux
[debug] [2025-07-23T17:38:53.676Z] Node Version:  v22.17.0
[debug] [2025-07-23T17:38:53.676Z] Time:          Wed Jul 23 2025 17:38:53 GMT+0000 (Coordinated Universal Time)
[debug] [2025-07-23T17:38:53.676Z] Env Overrides: GITHUB_API_URL, GITHUB_API_URL
[debug] [2025-07-23T17:38:53.676Z] ----------------------------------------------------------------------
[debug] 
[debug] [2025-07-23T17:38:53.971Z] > command requires scopes: ["email","openid","https://www.googleapis.com/auth/cloudplatformprojects.readonly","https://www.googleapis.com/auth/firebase","https://www.googleapis.com/auth/cloud-platform"]
[debug] [2025-07-23T17:38:53.972Z] > authorizing via signed-in user (adarshs2023@gmail.com)
[debug] [2025-07-23T17:38:53.972Z] [iam] checking project locenergy for permissions ["firebase.projects.get",null]
[debug] [2025-07-23T17:38:53.973Z] Checked if tokens are valid: true, expires at: 1753295566150
[debug] [2025-07-23T17:38:53.973Z] Checked if tokens are valid: true, expires at: 1753295566150
[debug] [2025-07-23T17:38:53.975Z] >>> [apiv2][query] POST https://cloudresourcemanager.googleapis.com/v1/projects/locenergy:testIamPermissions [none]
[debug] [2025-07-23T17:38:53.975Z] >>> [apiv2][(partial)header] POST https://cloudresourcemanager.googleapis.com/v1/projects/locenergy:testIamPermissions x-goog-quota-user=projects/locenergy
[debug] [2025-07-23T17:38:53.975Z] >>> [apiv2][body] POST https://cloudresourcemanager.googleapis.com/v1/projects/locenergy:testIamPermissions {"permissions":["firebase.projects.get",null]}
[debug] [2025-07-23T17:38:55.377Z] <<< [apiv2][status] POST https://cloudresourcemanager.googleapis.com/v1/projects/locenergy:testIamPermissions 200
[debug] [2025-07-23T17:38:55.377Z] <<< [apiv2][body] POST https://cloudresourcemanager.googleapis.com/v1/projects/locenergy:testIamPermissions {"permissions":["firebase.projects.get"]}
[debug] [2025-07-23T17:38:55.377Z] [iam] error while checking permissions, command may fail: Authorization failed. This account is missing the following required permissions on project locenergy:

  
[info] 
[info] === Deploying to 'locenergy'...
[info] 
[info] i  deploying apphosting 
[debug] [2025-07-23T17:38:55.380Z] Checked if tokens are valid: true, expires at: 1753295566150
[debug] [2025-07-23T17:38:55.380Z] Checked if tokens are valid: true, expires at: 1753295566150
[debug] [2025-07-23T17:38:55.380Z] >>> [apiv2][query] POST https://iam.googleapis.com/v1/projects/locenergy/serviceAccounts/firebase-app-hosting-compute@locenergy.iam.gserviceaccount.com:testIamPermissions [none]
[debug] [2025-07-23T17:38:55.380Z] >>> [apiv2][(partial)header] POST https://iam.googleapis.com/v1/projects/locenergy/serviceAccounts/firebase-app-hosting-compute@locenergy.iam.gserviceaccount.com:testIamPermissions x-goog-quota-user=projects/locenergy
[debug] [2025-07-23T17:38:55.380Z] >>> [apiv2][body] POST https://iam.googleapis.com/v1/projects/locenergy/serviceAccounts/firebase-app-hosting-compute@locenergy.iam.gserviceaccount.com:testIamPermissions {"permissions":["iam.serviceAccounts.actAs"]}
[debug] [2025-07-23T17:38:57.000Z] <<< [apiv2][status] POST https://iam.googleapis.com/v1/projects/locenergy/serviceAccounts/firebase-app-hosting-compute@locenergy.iam.gserviceaccount.com:testIamPermissions 200
[debug] [2025-07-23T17:38:57.000Z] <<< [apiv2][body] POST https://iam.googleapis.com/v1/projects/locenergy/serviceAccounts/firebase-app-hosting-compute@locenergy.iam.gserviceaccount.com:testIamPermissions {"permissions":["iam.serviceAccounts.actAs"]}
[debug] [2025-07-23T17:38:57.000Z] Checked if tokens are valid: true, expires at: 1753295566150
[debug] [2025-07-23T17:38:57.000Z] Checked if tokens are valid: true, expires at: 1753295566150
[debug] [2025-07-23T17:38:57.000Z] >>> [apiv2][query] POST https://iam.googleapis.com/v1/projects/locenergy/serviceAccounts [none]
[debug] [2025-07-23T17:38:57.001Z] >>> [apiv2][body] POST https://iam.googleapis.com/v1/projects/locenergy/serviceAccounts {"accountId":"firebase-app-hosting-compute","serviceAccount":{"displayName":"Firebase App Hosting compute service account","description":"Default service account used to run builds and deploys for Firebase App Hosting"}}
[debug] [2025-07-23T17:38:57.408Z] <<< [apiv2][status] POST https://iam.googleapis.com/v1/projects/locenergy/serviceAccounts 409
[debug] [2025-07-23T17:38:57.408Z] <<< [apiv2][body] POST https://iam.googleapis.com/v1/projects/locenergy/serviceAccounts [omitted]
[debug] [2025-07-23T17:38:57.409Z] Checked if tokens are valid: true, expires at: 1753295566150
[debug] [2025-07-23T17:38:57.409Z] Checked if tokens are valid: true, expires at: 1753295566150
[debug] [2025-07-23T17:38:57.409Z] >>> [apiv2][query] POST https://cloudresourcemanager.googleapis.com/v1/projects/locenergy:getIamPolicy [none]
[debug] [2025-07-23T17:38:57.840Z] <<< [apiv2][status] POST https://cloudresourcemanager.googleapis.com/v1/projects/locenergy:getIamPolicy 200
[debug] [2025-07-23T17:38:57.841Z] <<< [apiv2][body] POST https://cloudresourcemanager.googleapis.com/v1/projects/locenergy:getIamPolicy {"version":1,"etag":"BwY6nC1V8Ss=","bindings":[{"role":"roles/artifactregistry.serviceAgent","members":["serviceAccount:service-28955744236@gcp-sa-artifactregistry.iam.gserviceaccount.com"]},{"role":"roles/cloudbuild.builds.builder","members":["serviceAccount:28955744236@cloudbuild.gserviceaccount.com"]},{"role":"roles/cloudbuild.serviceAgent","members":["serviceAccount:service-28955744236@gcp-sa-cloudbuild.iam.gserviceaccount.com"]},{"role":"roles/compute.serviceAgent","members":["serviceAccount:service-28955744236@compute-system.iam.gserviceaccount.com"]},{"role":"roles/containerregistry.ServiceAgent","members":["serviceAccount:service-28955744236@containerregistry.iam.gserviceaccount.com"]},{"role":"roles/developerconnect.readTokenAccessor","members":["serviceAccount:firebase-app-hosting-compute@locenergy.iam.gserviceaccount.com"]},{"role":"roles/editor","members":["serviceAccount:28955744236-compute@developer.gserviceaccount.com","serviceAccount:28955744236@cloudservices.gserviceaccount.com"]},{"role":"roles/firebase.managementServiceAgent","members":["serviceAccount:service-28955744236@gcp-sa-firebase.iam.gserviceaccount.com"]},{"role":"roles/firebase.sdkAdminServiceAgent","members":["serviceAccount:firebase-adminsdk-fbsvc@locenergy.iam.gserviceaccount.com","serviceAccount:firebase-app-hosting-compute@locenergy.iam.gserviceaccount.com"]},{"role":"roles/firebaseapphosting.computeRunner","members":["serviceAccount:firebase-app-hosting-compute@locenergy.iam.gserviceaccount.com"]},{"role":"roles/firebaseapphosting.serviceAgent","members":["serviceAccount:service-28955744236@gcp-sa-firebaseapphosting.iam.gserviceaccount.com"]},{"role":"roles/iam.serviceAccountTokenCreator","members":["serviceAccount:firebase-adminsdk-fbsvc@locenergy.iam.gserviceaccount.com"]},{"role":"roles/owner","members":["user:adarshs2023@gmail.com"]},{"role":"roles/pubsub.serviceAgent","members":["serviceAccount:service-28955744236@gcp-sa-pubsub.iam.gserviceaccount.com"]},{"role":"roles/run.serviceAgent","members":["serviceAccount:service-28955744236@serverless-robot-prod.iam.gserviceaccount.com"]},{"role":"roles/storage.objectViewer","members":["serviceAccount:firebase-app-hosting-compute@locenergy.iam.gserviceaccount.com"]}]}
[debug] [2025-07-23T17:38:57.841Z] Checked if tokens are valid: true, expires at: 1753295566150
[debug] [2025-07-23T17:38:57.841Z] Checked if tokens are valid: true, expires at: 1753295566150
[debug] [2025-07-23T17:38:57.841Z] >>> [apiv2][query] POST https://cloudresourcemanager.googleapis.com/v1/projects/locenergy:setIamPolicy [none]
[debug] [2025-07-23T17:38:57.841Z] >>> [apiv2][body] POST https://cloudresourcemanager.googleapis.com/v1/projects/locenergy:setIamPolicy {"policy":{"version":1,"etag":"BwY6nC1V8Ss=","bindings":[{"role":"roles/artifactregistry.serviceAgent","members":["serviceAccount:service-28955744236@gcp-sa-artifactregistry.iam.gserviceaccount.com"]},{"role":"roles/cloudbuild.builds.builder","members":["serviceAccount:28955744236@cloudbuild.gserviceaccount.com"]},{"role":"roles/cloudbuild.serviceAgent","members":["serviceAccount:service-28955744236@gcp-sa-cloudbuild.iam.gserviceaccount.com"]},{"role":"roles/compute.serviceAgent","members":["serviceAccount:service-28955744236@compute-system.iam.gserviceaccount.com"]},{"role":"roles/containerregistry.ServiceAgent","members":["serviceAccount:service-28955744236@containerregistry.iam.gserviceaccount.com"]},{"role":"roles/developerconnect.readTokenAccessor","members":["serviceAccount:firebase-app-hosting-compute@locenergy.iam.gserviceaccount.com"]},{"role":"roles/editor","members":["serviceAccount:28955744236-compute@developer.gserviceaccount.com","serviceAccount:28955744236@cloudservices.gserviceaccount.com"]},{"role":"roles/firebase.managementServiceAgent","members":["serviceAccount:service-28955744236@gcp-sa-firebase.iam.gserviceaccount.com"]},{"role":"roles/firebase.sdkAdminServiceAgent","members":["serviceAccount:firebase-adminsdk-fbsvc@locenergy.iam.gserviceaccount.com","serviceAccount:firebase-app-hosting-compute@locenergy.iam.gserviceaccount.com"]},{"role":"roles/firebaseapphosting.computeRunner","members":["serviceAccount:firebase-app-hosting-compute@locenergy.iam.gserviceaccount.com"]},{"role":"roles/firebaseapphosting.serviceAgent","members":["serviceAccount:service-28955744236@gcp-sa-firebaseapphosting.iam.gserviceaccount.com"]},{"role":"roles/iam.serviceAccountTokenCreator","members":["serviceAccount:firebase-adminsdk-fbsvc@locenergy.iam.gserviceaccount.com"]},{"role":"roles/owner","members":["user:adarshs2023@gmail.com"]},{"role":"roles/pubsub.serviceAgent","members":["serviceAccount:service-28955744236@gcp-sa-pubsub.iam.gserviceaccount.com"]},{"role":"roles/run.serviceAgent","members":["serviceAccount:service-28955744236@serverless-robot-prod.iam.gserviceaccount.com"]},{"role":"roles/storage.objectViewer","members":["serviceAccount:firebase-app-hosting-compute@locenergy.iam.gserviceaccount.com"]}]},"updateMask":"bindings"}
[debug] [2025-07-23T17:38:59.645Z] <<< [apiv2][status] POST https://cloudresourcemanager.googleapis.com/v1/projects/locenergy:setIamPolicy 200
[debug] [2025-07-23T17:38:59.645Z] <<< [apiv2][body] POST https://cloudresourcemanager.googleapis.com/v1/projects/locenergy:setIamPolicy {"version":1,"etag":"BwY6nC8VfSg=","bindings":[{"role":"roles/artifactregistry.serviceAgent","members":["serviceAccount:service-28955744236@gcp-sa-artifactregistry.iam.gserviceaccount.com"]},{"role":"roles/cloudbuild.builds.builder","members":["serviceAccount:28955744236@cloudbuild.gserviceaccount.com"]},{"role":"roles/cloudbuild.serviceAgent","members":["serviceAccount:service-28955744236@gcp-sa-cloudbuild.iam.gserviceaccount.com"]},{"role":"roles/compute.serviceAgent","members":["serviceAccount:service-28955744236@compute-system.iam.gserviceaccount.com"]},{"role":"roles/containerregistry.ServiceAgent","members":["serviceAccount:service-28955744236@containerregistry.iam.gserviceaccount.com"]},{"role":"roles/developerconnect.readTokenAccessor","members":["serviceAccount:firebase-app-hosting-compute@locenergy.iam.gserviceaccount.com"]},{"role":"roles/editor","members":["serviceAccount:28955744236-compute@developer.gserviceaccount.com","serviceAccount:28955744236@cloudservices.gserviceaccount.com"]},{"role":"roles/firebase.managementServiceAgent","members":["serviceAccount:service-28955744236@gcp-sa-firebase.iam.gserviceaccount.com"]},{"role":"roles/firebase.sdkAdminServiceAgent","members":["serviceAccount:firebase-adminsdk-fbsvc@locenergy.iam.gserviceaccount.com","serviceAccount:firebase-app-hosting-compute@locenergy.iam.gserviceaccount.com"]},{"role":"roles/firebaseapphosting.computeRunner","members":["serviceAccount:firebase-app-hosting-compute@locenergy.iam.gserviceaccount.com"]},{"role":"roles/firebaseapphosting.serviceAgent","members":["serviceAccount:service-28955744236@gcp-sa-firebaseapphosting.iam.gserviceaccount.com"]},{"role":"roles/iam.serviceAccountTokenCreator","members":["serviceAccount:firebase-adminsdk-fbsvc@locenergy.iam.gserviceaccount.com"]},{"role":"roles/owner","members":["user:adarshs2023@gmail.com"]},{"role":"roles/pubsub.serviceAgent","members":["serviceAccount:service-28955744236@gcp-sa-pubsub.iam.gserviceaccount.com"]},{"role":"roles/run.serviceAgent","members":["serviceAccount:service-28955744236@serverless-robot-prod.iam.gserviceaccount.com"]},{"role":"roles/storage.objectViewer","members":["serviceAccount:firebase-app-hosting-compute@locenergy.iam.gserviceaccount.com"]}]}
[debug] [2025-07-23T17:38:59.645Z] Checked if tokens are valid: true, expires at: 1753295566150
[debug] [2025-07-23T17:38:59.645Z] Checked if tokens are valid: true, expires at: 1753295566150
[debug] [2025-07-23T17:38:59.645Z] >>> [apiv2][query] GET https://firebaseapphosting.googleapis.com/v1beta/projects/locenergy/locations/-/backends 
[debug] [2025-07-23T17:39:01.469Z] <<< [apiv2][status] GET https://firebaseapphosting.googleapis.com/v1beta/projects/locenergy/locations/-/backends 200
[debug] [2025-07-23T17:39:01.469Z] <<< [apiv2][body] GET https://firebaseapphosting.googleapis.com/v1beta/projects/locenergy/locations/-/backends {"backends":[{"name":"projects/locenergy/locations/asia-east1/backends/my-web-app","createTime":"2025-07-23T17:34:28.044237505Z","updateTime":"2025-07-23T17:34:28.580609Z","labels":{"deployment-tool":"cli-firebase"},"uri":"my-web-app--locenergy.asia-east1.hosted.app","uid":"39f5b5c4-cd30-434a-901f-9a9ee90c8a06","etag":"uNE5y-6tcg4tJ-uaN_09SeJIy_T86nNK3nCTieYP6tA","reconciling":false,"servingLocality":"GLOBAL_ACCESS","serviceAccount":"firebase-app-hosting-compute@locenergy.iam.gserviceaccount.com","appId":"1:28955744236:web:1c904232367994984552c9"}]}
[info] i  apphosting: Found backend(s) my-web-app, my-web-app 
[debug] [2025-07-23T17:39:01.470Z] Checked if tokens are valid: true, expires at: 1753295566150
[debug] [2025-07-23T17:39:01.470Z] Checked if tokens are valid: true, expires at: 1753295566150
[debug] [2025-07-23T17:39:01.470Z] >>> [apiv2][query] GET https://cloudresourcemanager.googleapis.com/v1/projects/locenergy [none]
[debug] [2025-07-23T17:39:01.788Z] <<< [apiv2][status] GET https://cloudresourcemanager.googleapis.com/v1/projects/locenergy 200
[debug] [2025-07-23T17:39:01.788Z] <<< [apiv2][body] GET https://cloudresourcemanager.googleapis.com/v1/projects/locenergy {"projectNumber":"28955744236","projectId":"locenergy","lifecycleState":"ACTIVE","name":"LocEnergy","labels":{"firebase":"enabled","firebase-core":"disabled"},"createTime":"2025-03-02T09:14:53.284804Z"}
[debug] [2025-07-23T17:39:01.789Z] Checked if tokens are valid: true, expires at: 1753295566150
[debug] [2025-07-23T17:39:01.789Z] Checked if tokens are valid: true, expires at: 1753295566150
[debug] [2025-07-23T17:39:01.789Z] >>> [apiv2][query] GET https://storage.googleapis.com/storage/v1/b/firebaseapphosting-sources-28955744236-asia-east1 [none]
[debug] [2025-07-23T17:39:02.883Z] <<< [apiv2][status] GET https://storage.googleapis.com/storage/v1/b/firebaseapphosting-sources-28955744236-asia-east1 200
[debug] [2025-07-23T17:39:02.883Z] <<< [apiv2][body] GET https://storage.googleapis.com/storage/v1/b/firebaseapphosting-sources-28955744236-asia-east1 {"kind":"storage#bucket","selfLink":"https://www.googleapis.com/storage/v1/b/firebaseapphosting-sources-28955744236-asia-east1","id":"firebaseapphosting-sources-28955744236-asia-east1","name":"firebaseapphosting-sources-28955744236-asia-east1","projectNumber":"28955744236","generation":"1753292116138708762","metageneration":"1","location":"ASIA-EAST1","storageClass":"STANDARD","etag":"CAE=","timeCreated":"2025-07-23T17:35:16.724Z","updated":"2025-07-23T17:35:16.724Z","lifecycle":{"rule":[{"action":{"type":"Delete"},"condition":{"age":30}}]},"softDeletePolicy":{"retentionDurationSeconds":"604800","effectiveTime":"2025-07-23T17:35:16.724Z"},"iamConfiguration":{"bucketPolicyOnly":{"enabled":false},"uniformBucketLevelAccess":{"enabled":false},"publicAccessPrevention":"inherited"},"locationType":"region","satisfiesPZI":true}
[info] i  apphosting: Uploading source code at /workspaces/GrowMeOragnic for backend my-web-app... 
[debug] [2025-07-23T17:39:02.989Z] Checked if tokens are valid: true, expires at: 1753295566150
[debug] [2025-07-23T17:39:02.989Z] Checked if tokens are valid: true, expires at: 1753295566150
[debug] [2025-07-23T17:39:02.989Z] >>> [apiv2][query] PUT https://storage.googleapis.com/firebaseapphosting-sources-28955744236-asia-east1/my-web-app--11240-WOuYbN97Uvo0-.zip [none]
[debug] [2025-07-23T17:39:02.989Z] >>> [apiv2][body] PUT https://storage.googleapis.com/firebaseapphosting-sources-28955744236-asia-east1/my-web-app--11240-WOuYbN97Uvo0-.zip [stream]
[debug] [2025-07-23T17:39:04.141Z] <<< [apiv2][status] PUT https://storage.googleapis.com/firebaseapphosting-sources-28955744236-asia-east1/my-web-app--11240-WOuYbN97Uvo0-.zip 200
[debug] [2025-07-23T17:39:04.141Z] <<< [apiv2][body] PUT https://storage.googleapis.com/firebaseapphosting-sources-28955744236-asia-east1/my-web-app--11240-WOuYbN97Uvo0-.zip undefined
[info] i  apphosting: Source code uploaded at gs://firebaseapphosting-sources-28955744236-asia-east1/my-web-app--11240-WOuYbN97Uvo0-.zip 
[debug] [2025-07-23T17:39:04.142Z] Checked if tokens are valid: true, expires at: 1753295566150
[debug] [2025-07-23T17:39:04.142Z] Checked if tokens are valid: true, expires at: 1753295566150
[debug] [2025-07-23T17:39:04.142Z] Checked if tokens are valid: true, expires at: 1753295566150
[debug] [2025-07-23T17:39:04.142Z] Checked if tokens are valid: true, expires at: 1753295566150
[info] i  apphosting: You may also track the rollout(s) at:
	https://console.firebase.google.com/project/locenergy/apphosting 
[debug] [2025-07-23T17:39:04.145Z] >>> [apiv2][query] GET https://firebaseapphosting.googleapis.com/v1beta/projects/locenergy/locations/asia-east1/backends/my-web-app/rollouts 
[debug] [2025-07-23T17:39:04.146Z] >>> [apiv2][query] GET https://firebaseapphosting.googleapis.com/v1beta/projects/locenergy/locations/asia-east1/backends/my-web-app/builds 
[debug] [2025-07-23T17:39:04.853Z] <<< [apiv2][status] GET https://firebaseapphosting.googleapis.com/v1beta/projects/locenergy/locations/asia-east1/backends/my-web-app/rollouts 200
[debug] [2025-07-23T17:39:04.854Z] <<< [apiv2][body] GET https://firebaseapphosting.googleapis.com/v1beta/projects/locenergy/locations/asia-east1/backends/my-web-app/rollouts {"rollouts":[{"name":"projects/locenergy/locations/asia-east1/backends/my-web-app/rollouts/build-2025-07-23-001","createTime":"2025-07-23T17:35:20.696852984Z","updateTime":"2025-07-23T17:36:51.767919Z","state":"FAILED","build":"projects/locenergy/locations/asia-east1/backends/my-web-app/builds/build-2025-07-23-001","labels":{"deployment-tool":"cli-firebase"},"uid":"20ffabe8-3094-4c80-bb9b-d5c2c41857b0","etag":"PbgvAJSPw_3HH6Fc0uxEbX3RCjTcnl3ZTSIg7z1QXFY","reconciling":false}]}
[debug] [2025-07-23T17:39:04.931Z] <<< [apiv2][status] GET https://firebaseapphosting.googleapis.com/v1beta/projects/locenergy/locations/asia-east1/backends/my-web-app/builds 200
[debug] [2025-07-23T17:39:04.931Z] <<< [apiv2][body] GET https://firebaseapphosting.googleapis.com/v1beta/projects/locenergy/locations/asia-east1/backends/my-web-app/builds {"builds":[{"name":"projects/locenergy/locations/asia-east1/backends/my-web-app/builds/build-2025-07-23-001","state":"FAILED","error":{"code":13},"image":"asia-east1-docker.pkg.dev/locenergy/firebaseapphosting-images/my-web-app:build-2025-07-23-001","config":{"runConfig":{}},"source":{"archive":{"rootDirectory":"/","userStorageUri":"gs://firebaseapphosting-sources-28955744236-asia-east1/my-web-app--8509-O11mI3bVbqvC-.zip"}},"buildLogsUri":"https://console.cloud.google.com/cloud-build/builds;region=asia-east1/b3929e6a-f3df-4484-94bb-e6db1a065a8f?project=28955744236","createTime":"2025-07-23T17:35:20.296165268Z","updateTime":"2025-07-23T17:36:51.362190Z","labels":{"deployment-tool":"cli-firebase"},"uid":"785843f3-570b-4cef-b50c-11eea25bd2a0","etag":"sxPf67HrbP9S9PmPPDZ5TjZ6UAwA-OqOOp28IgDCNa4","reconciling":false,"errorSource":"CLOUD_BUILD","errors":[{"error":{"code":13},"errorSource":"CLOUD_BUILD","cloudResource":"https://cloud.google.com/build"}]}]}
[debug] [2025-07-23T17:39:04.932Z] Checked if tokens are valid: true, expires at: 1753295566150
[debug] [2025-07-23T17:39:04.932Z] Checked if tokens are valid: true, expires at: 1753295566150
[debug] [2025-07-23T17:39:04.933Z] >>> [apiv2][query] POST https://firebaseapphosting.googleapis.com/v1beta/projects/locenergy/locations/asia-east1/backends/my-web-app/builds buildId=build-2025-07-23-002
[debug] [2025-07-23T17:39:04.933Z] >>> [apiv2][body] POST https://firebaseapphosting.googleapis.com/v1beta/projects/locenergy/locations/asia-east1/backends/my-web-app/builds {"source":{"archive":{"userStorageUri":"gs://firebaseapphosting-sources-28955744236-asia-east1/my-web-app--11240-WOuYbN97Uvo0-.zip","rootDirectory":"/my-react-app"}},"labels":{"deployment-tool":"cli-firebase"}}
[debug] [2025-07-23T17:39:05.128Z] <<< [apiv2][status] POST https://firebaseapphosting.googleapis.com/v1beta/projects/locenergy/locations/asia-east1/backends/my-web-app/builds 200
[debug] [2025-07-23T17:39:05.128Z] <<< [apiv2][body] POST https://firebaseapphosting.googleapis.com/v1beta/projects/locenergy/locations/asia-east1/backends/my-web-app/builds {"name":"projects/locenergy/locations/asia-east1/operations/operation-1753292345038-63a9c2f69d833-f66f2024-0fb2703a","metadata":{"@type":"type.googleapis.com/google.firebase.apphosting.v1beta.OperationMetadata","createTime":"2025-07-23T17:39:05.065856553Z","target":"projects/locenergy/locations/asia-east1/backends/my-web-app/builds/build-2025-07-23-002","verb":"create","requestedCancellation":false,"apiVersion":"v1beta"},"done":false}
[debug] [2025-07-23T17:39:05.128Z] Checked if tokens are valid: true, expires at: 1753295566150
[debug] [2025-07-23T17:39:05.128Z] Checked if tokens are valid: true, expires at: 1753295566150
[debug] [2025-07-23T17:39:05.128Z] >>> [apiv2][query] POST https://firebaseapphosting.googleapis.com/v1beta/projects/locenergy/locations/asia-east1/backends/my-web-app/rollouts rolloutId=build-2025-07-23-002&validateOnly=true
[debug] [2025-07-23T17:39:05.129Z] >>> [apiv2][body] POST https://firebaseapphosting.googleapis.com/v1beta/projects/locenergy/locations/asia-east1/backends/my-web-app/rollouts {"build":"projects/locenergy/locations/asia-east1/backends/my-web-app/builds/build-2025-07-23-002","labels":{"deployment-tool":"cli-firebase"}}
[debug] [2025-07-23T17:39:05.295Z] <<< [apiv2][status] POST https://firebaseapphosting.googleapis.com/v1beta/projects/locenergy/locations/asia-east1/backends/my-web-app/rollouts 200
[debug] [2025-07-23T17:39:05.295Z] <<< [apiv2][body] POST https://firebaseapphosting.googleapis.com/v1beta/projects/locenergy/locations/asia-east1/backends/my-web-app/rollouts {}
[debug] [2025-07-23T17:39:05.295Z] Checked if tokens are valid: true, expires at: 1753295566150
[debug] [2025-07-23T17:39:05.295Z] Checked if tokens are valid: true, expires at: 1753295566150
[debug] [2025-07-23T17:39:05.295Z] >>> [apiv2][query] POST https://firebaseapphosting.googleapis.com/v1beta/projects/locenergy/locations/asia-east1/backends/my-web-app/rollouts rolloutId=build-2025-07-23-002&validateOnly=false
[debug] [2025-07-23T17:39:05.295Z] >>> [apiv2][body] POST https://firebaseapphosting.googleapis.com/v1beta/projects/locenergy/locations/asia-east1/backends/my-web-app/rollouts {"build":"projects/locenergy/locations/asia-east1/backends/my-web-app/builds/build-2025-07-23-002","labels":{"deployment-tool":"cli-firebase"}}
[debug] [2025-07-23T17:39:05.511Z] <<< [apiv2][status] POST https://firebaseapphosting.googleapis.com/v1beta/projects/locenergy/locations/asia-east1/backends/my-web-app/rollouts 200
[debug] [2025-07-23T17:39:05.512Z] <<< [apiv2][body] POST https://firebaseapphosting.googleapis.com/v1beta/projects/locenergy/locations/asia-east1/backends/my-web-app/rollouts {"name":"projects/locenergy/locations/asia-east1/operations/operation-1753292345428-63a9c2f6fca87-f21bd0c9-9ef7be7e","metadata":{"@type":"type.googleapis.com/google.firebase.apphosting.v1beta.OperationMetadata","createTime":"2025-07-23T17:39:05.449045133Z","target":"projects/locenergy/locations/asia-east1/backends/my-web-app/rollouts/build-2025-07-23-002","verb":"create","requestedCancellation":false,"apiVersion":"v1beta"},"done":false}
[debug] [2025-07-23T17:39:05.512Z] Checked if tokens are valid: true, expires at: 1753295566150
[debug] [2025-07-23T17:39:05.512Z] Checked if tokens are valid: true, expires at: 1753295566150
[debug] [2025-07-23T17:39:05.513Z] Checked if tokens are valid: true, expires at: 1753295566150
[debug] [2025-07-23T17:39:05.513Z] Checked if tokens are valid: true, expires at: 1753295566150
[debug] [2025-07-23T17:39:05.513Z] >>> [apiv2][query] GET https://firebaseapphosting.googleapis.com/v1beta/projects/locenergy/locations/asia-east1/operations/operation-1753292345428-63a9c2f6fca87-f21bd0c9-9ef7be7e [none]
[debug] [2025-07-23T17:39:05.513Z] >>> [apiv2][query] GET https://firebaseapphosting.googleapis.com/v1beta/projects/locenergy/locations/asia-east1/operations/operation-1753292345038-63a9c2f69d833-f66f2024-0fb2703a [none]
[debug] [2025-07-23T17:39:05.656Z] <<< [apiv2][status] GET https://firebaseapphosting.googleapis.com/v1beta/projects/locenergy/locations/asia-east1/operations/operation-1753292345428-63a9c2f6fca87-f21bd0c9-9ef7be7e 200
[debug] [2025-07-23T17:39:05.656Z] <<< [apiv2][body] GET https://firebaseapphosting.googleapis.com/v1beta/projects/locenergy/locations/asia-east1/operations/operation-1753292345428-63a9c2f6fca87-f21bd0c9-9ef7be7e {"name":"projects/locenergy/locations/asia-east1/operations/operation-1753292345428-63a9c2f6fca87-f21bd0c9-9ef7be7e","metadata":{"@type":"type.googleapis.com/google.firebase.apphosting.v1beta.OperationMetadata","createTime":"2025-07-23T17:39:05.449045133Z","endTime":"2025-07-23T17:39:05.483212598Z","target":"projects/locenergy/locations/asia-east1/backends/my-web-app/rollouts/build-2025-07-23-002","verb":"create","requestedCancellation":false,"apiVersion":"v1beta"},"done":true,"response":{"@type":"type.googleapis.com/google.firebase.apphosting.v1beta.Rollout","name":"projects/locenergy/locations/asia-east1/backends/my-web-app/rollouts/build-2025-07-23-002","createTime":"2025-07-23T17:39:05.441548254Z","updateTime":"2025-07-23T17:39:05.480444Z","state":"QUEUED","build":"projects/locenergy/locations/asia-east1/backends/my-web-app/builds/build-2025-07-23-002","labels":{"deployment-tool":"cli-firebase"},"uid":"b4ebadee-4f6a-405a-a138-0e6b748e22e6","etag":"mJN39V7tKGzCoBlJd6IdkOT-QGVTEx29INs3TTKWEr8","reconciling":false}}
[debug] [2025-07-23T17:39:05.837Z] <<< [apiv2][status] GET https://firebaseapphosting.googleapis.com/v1beta/projects/locenergy/locations/asia-east1/operations/operation-1753292345038-63a9c2f69d833-f66f2024-0fb2703a 200
[debug] [2025-07-23T17:39:05.837Z] <<< [apiv2][body] GET https://firebaseapphosting.googleapis.com/v1beta/projects/locenergy/locations/asia-east1/operations/operation-1753292345038-63a9c2f69d833-f66f2024-0fb2703a {"name":"projects/locenergy/locations/asia-east1/operations/operation-1753292345038-63a9c2f69d833-f66f2024-0fb2703a","metadata":{"@type":"type.googleapis.com/google.firebase.apphosting.v1beta.OperationMetadata","createTime":"2025-07-23T17:39:05.065856553Z","target":"projects/locenergy/locations/asia-east1/backends/my-web-app/builds/build-2025-07-23-002","verb":"create","requestedCancellation":false,"apiVersion":"v1beta"},"done":false}
[debug] [2025-07-23T17:39:06.337Z] [create-locenergy-asia-east1-backend-my-web-app-build-build-2025-07-23-002] Retrying task index 0
[debug] [2025-07-23T17:39:06.337Z] Checked if tokens are valid: true, expires at: 1753295566150
[debug] [2025-07-23T17:39:06.337Z] Checked if tokens are valid: true, expires at: 1753295566150
[debug] [2025-07-23T17:39:06.337Z] >>> [apiv2][query] GET https://firebaseapphosting.googleapis.com/v1beta/projects/locenergy/locations/asia-east1/operations/operation-1753292345038-63a9c2f69d833-f66f2024-0fb2703a [none]
[debug] [2025-07-23T17:39:06.473Z] <<< [apiv2][status] GET https://firebaseapphosting.googleapis.com/v1beta/projects/locenergy/locations/asia-east1/operations/operation-1753292345038-63a9c2f69d833-f66f2024-0fb2703a 200
[debug] [2025-07-23T17:39:06.473Z] <<< [apiv2][body] GET https://firebaseapphosting.googleapis.com/v1beta/projects/locenergy/locations/asia-east1/operations/operation-1753292345038-63a9c2f69d833-f66f2024-0fb2703a {"name":"projects/locenergy/locations/asia-east1/operations/operation-1753292345038-63a9c2f69d833-f66f2024-0fb2703a","metadata":{"@type":"type.googleapis.com/google.firebase.apphosting.v1beta.OperationMetadata","createTime":"2025-07-23T17:39:05.065856553Z","target":"projects/locenergy/locations/asia-east1/backends/my-web-app/builds/build-2025-07-23-002","verb":"create","requestedCancellation":false,"apiVersion":"v1beta"},"done":false}
[debug] [2025-07-23T17:39:07.474Z] [create-locenergy-asia-east1-backend-my-web-app-build-build-2025-07-23-002] Retrying task index 0
[debug] [2025-07-23T17:39:07.474Z] Checked if tokens are valid: true, expires at: 1753295566150
[debug] [2025-07-23T17:39:07.474Z] Checked if tokens are valid: true, expires at: 1753295566150
[debug] [2025-07-23T17:39:07.474Z] >>> [apiv2][query] GET https://firebaseapphosting.googleapis.com/v1beta/projects/locenergy/locations/asia-east1/operations/operation-1753292345038-63a9c2f69d833-f66f2024-0fb2703a [none]
[debug] [2025-07-23T17:39:07.613Z] <<< [apiv2][status] GET https://firebaseapphosting.googleapis.com/v1beta/projects/locenergy/locations/asia-east1/operations/operation-1753292345038-63a9c2f69d833-f66f2024-0fb2703a 200
[debug] [2025-07-23T17:39:07.613Z] <<< [apiv2][body] GET https://firebaseapphosting.googleapis.com/v1beta/projects/locenergy/locations/asia-east1/operations/operation-1753292345038-63a9c2f69d833-f66f2024-0fb2703a {"name":"projects/locenergy/locations/asia-east1/operations/operation-1753292345038-63a9c2f69d833-f66f2024-0fb2703a","metadata":{"@type":"type.googleapis.com/google.firebase.apphosting.v1beta.OperationMetadata","createTime":"2025-07-23T17:39:05.065856553Z","target":"projects/locenergy/locations/asia-east1/backends/my-web-app/builds/build-2025-07-23-002","verb":"create","requestedCancellation":false,"apiVersion":"v1beta"},"done":false}
[debug] [2025-07-23T17:39:09.614Z] [create-locenergy-asia-east1-backend-my-web-app-build-build-2025-07-23-002] Retrying task index 0
[debug] [2025-07-23T17:39:09.614Z] Checked if tokens are valid: true, expires at: 1753295566150
[debug] [2025-07-23T17:39:09.614Z] Checked if tokens are valid: true, expires at: 1753295566150
[debug] [2025-07-23T17:39:09.614Z] >>> [apiv2][query] GET https://firebaseapphosting.googleapis.com/v1beta/projects/locenergy/locations/asia-east1/operations/operation-1753292345038-63a9c2f69d833-f66f2024-0fb2703a [none]
[debug] [2025-07-23T17:39:09.768Z] <<< [apiv2][status] GET https://firebaseapphosting.googleapis.com/v1beta/projects/locenergy/locations/asia-east1/operations/operation-1753292345038-63a9c2f69d833-f66f2024-0fb2703a 200
[debug] [2025-07-23T17:39:09.768Z] <<< [apiv2][body] GET https://firebaseapphosting.googleapis.com/v1beta/projects/locenergy/locations/asia-east1/operations/operation-1753292345038-63a9c2f69d833-f66f2024-0fb2703a {"name":"projects/locenergy/locations/asia-east1/operations/operation-1753292345038-63a9c2f69d833-f66f2024-0fb2703a","metadata":{"@type":"type.googleapis.com/google.firebase.apphosting.v1beta.OperationMetadata","createTime":"2025-07-23T17:39:05.065856553Z","target":"projects/locenergy/locations/asia-east1/backends/my-web-app/builds/build-2025-07-23-002","verb":"create","requestedCancellation":false,"apiVersion":"v1beta"},"done":false}
[debug] [2025-07-23T17:39:13.768Z] [create-locenergy-asia-east1-backend-my-web-app-build-build-2025-07-23-002] Retrying task index 0
[debug] [2025-07-23T17:39:13.769Z] Checked if tokens are valid: true, expires at: 1753295566150
[debug] [2025-07-23T17:39:13.769Z] Checked if tokens are valid: true, expires at: 1753295566150
[debug] [2025-07-23T17:39:13.769Z] >>> [apiv2][query] GET https://firebaseapphosting.googleapis.com/v1beta/projects/locenergy/locations/asia-east1/operations/operation-1753292345038-63a9c2f69d833-f66f2024-0fb2703a [none]
[debug] [2025-07-23T17:39:13.901Z] <<< [apiv2][status] GET https://firebaseapphosting.googleapis.com/v1beta/projects/locenergy/locations/asia-east1/operations/operation-1753292345038-63a9c2f69d833-f66f2024-0fb2703a 200
[debug] [2025-07-23T17:39:13.902Z] <<< [apiv2][body] GET https://firebaseapphosting.googleapis.com/v1beta/projects/locenergy/locations/asia-east1/operations/operation-1753292345038-63a9c2f69d833-f66f2024-0fb2703a {"name":"projects/locenergy/locations/asia-east1/operations/operation-1753292345038-63a9c2f69d833-f66f2024-0fb2703a","metadata":{"@type":"type.googleapis.com/google.firebase.apphosting.v1beta.OperationMetadata","createTime":"2025-07-23T17:39:05.065856553Z","target":"projects/locenergy/locations/asia-east1/backends/my-web-app/builds/build-2025-07-23-002","verb":"create","requestedCancellation":false,"apiVersion":"v1beta"},"done":false}
[debug] [2025-07-23T17:39:21.902Z] [create-locenergy-asia-east1-backend-my-web-app-build-build-2025-07-23-002] Retrying task index 0
[debug] [2025-07-23T17:39:21.902Z] Checked if tokens are valid: true, expires at: 1753295566150
[debug] [2025-07-23T17:39:21.902Z] Checked if tokens are valid: true, expires at: 1753295566150
[debug] [2025-07-23T17:39:21.902Z] >>> [apiv2][query] GET https://firebaseapphosting.googleapis.com/v1beta/projects/locenergy/locations/asia-east1/operations/operation-1753292345038-63a9c2f69d833-f66f2024-0fb2703a [none]
[debug] [2025-07-23T17:39:22.669Z] <<< [apiv2][status] GET https://firebaseapphosting.googleapis.com/v1beta/projects/locenergy/locations/asia-east1/operations/operation-1753292345038-63a9c2f69d833-f66f2024-0fb2703a 200
[debug] [2025-07-23T17:39:22.669Z] <<< [apiv2][body] GET https://firebaseapphosting.googleapis.com/v1beta/projects/locenergy/locations/asia-east1/operations/operation-1753292345038-63a9c2f69d833-f66f2024-0fb2703a {"name":"projects/locenergy/locations/asia-east1/operations/operation-1753292345038-63a9c2f69d833-f66f2024-0fb2703a","metadata":{"@type":"type.googleapis.com/google.firebase.apphosting.v1beta.OperationMetadata","createTime":"2025-07-23T17:39:05.065856553Z","target":"projects/locenergy/locations/asia-east1/backends/my-web-app/builds/build-2025-07-23-002","verb":"create","requestedCancellation":false,"apiVersion":"v1beta"},"done":false}
[debug] [2025-07-23T17:39:32.670Z] [create-locenergy-asia-east1-backend-my-web-app-build-build-2025-07-23-002] Retrying task index 0
[debug] [2025-07-23T17:39:32.670Z] Checked if tokens are valid: true, expires at: 1753295566150
[debug] [2025-07-23T17:39:32.670Z] Checked if tokens are valid: true, expires at: 1753295566150
[debug] [2025-07-23T17:39:32.670Z] >>> [apiv2][query] GET https://firebaseapphosting.googleapis.com/v1beta/projects/locenergy/locations/asia-east1/operations/operation-1753292345038-63a9c2f69d833-f66f2024-0fb2703a [none]
[debug] [2025-07-23T17:39:33.475Z] <<< [apiv2][status] GET https://firebaseapphosting.googleapis.com/v1beta/projects/locenergy/locations/asia-east1/operations/operation-1753292345038-63a9c2f69d833-f66f2024-0fb2703a 200
[debug] [2025-07-23T17:39:33.475Z] <<< [apiv2][body] GET https://firebaseapphosting.googleapis.com/v1beta/projects/locenergy/locations/asia-east1/operations/operation-1753292345038-63a9c2f69d833-f66f2024-0fb2703a {"name":"projects/locenergy/locations/asia-east1/operations/operation-1753292345038-63a9c2f69d833-f66f2024-0fb2703a","metadata":{"@type":"type.googleapis.com/google.firebase.apphosting.v1beta.OperationMetadata","createTime":"2025-07-23T17:39:05.065856553Z","target":"projects/locenergy/locations/asia-east1/backends/my-web-app/builds/build-2025-07-23-002","verb":"create","requestedCancellation":false,"apiVersion":"v1beta"},"done":false}
[debug] [2025-07-23T17:39:43.476Z] [create-locenergy-asia-east1-backend-my-web-app-build-build-2025-07-23-002] Retrying task index 0
[debug] [2025-07-23T17:39:43.477Z] Checked if tokens are valid: true, expires at: 1753295566150
[debug] [2025-07-23T17:39:43.477Z] Checked if tokens are valid: true, expires at: 1753295566150
[debug] [2025-07-23T17:39:43.477Z] >>> [apiv2][query] GET https://firebaseapphosting.googleapis.com/v1beta/projects/locenergy/locations/asia-east1/operations/operation-1753292345038-63a9c2f69d833-f66f2024-0fb2703a [none]
[debug] [2025-07-23T17:39:44.225Z] <<< [apiv2][status] GET https://firebaseapphosting.googleapis.com/v1beta/projects/locenergy/locations/asia-east1/operations/operation-1753292345038-63a9c2f69d833-f66f2024-0fb2703a 200
[debug] [2025-07-23T17:39:44.225Z] <<< [apiv2][body] GET https://firebaseapphosting.googleapis.com/v1beta/projects/locenergy/locations/asia-east1/operations/operation-1753292345038-63a9c2f69d833-f66f2024-0fb2703a {"name":"projects/locenergy/locations/asia-east1/operations/operation-1753292345038-63a9c2f69d833-f66f2024-0fb2703a","metadata":{"@type":"type.googleapis.com/google.firebase.apphosting.v1beta.OperationMetadata","createTime":"2025-07-23T17:39:05.065856553Z","target":"projects/locenergy/locations/asia-east1/backends/my-web-app/builds/build-2025-07-23-002","verb":"create","requestedCancellation":false,"apiVersion":"v1beta"},"done":false}
[debug] [2025-07-23T17:39:54.225Z] [create-locenergy-asia-east1-backend-my-web-app-build-build-2025-07-23-002] Retrying task index 0
[debug] [2025-07-23T17:39:54.225Z] Checked if tokens are valid: true, expires at: 1753295566150
[debug] [2025-07-23T17:39:54.225Z] Checked if tokens are valid: true, expires at: 1753295566150
[debug] [2025-07-23T17:39:54.226Z] >>> [apiv2][query] GET https://firebaseapphosting.googleapis.com/v1beta/projects/locenergy/locations/asia-east1/operations/operation-1753292345038-63a9c2f69d833-f66f2024-0fb2703a [none]
[debug] [2025-07-23T17:39:54.965Z] <<< [apiv2][status] GET https://firebaseapphosting.googleapis.com/v1beta/projects/locenergy/locations/asia-east1/operations/operation-1753292345038-63a9c2f69d833-f66f2024-0fb2703a 200
[debug] [2025-07-23T17:39:54.965Z] <<< [apiv2][body] GET https://firebaseapphosting.googleapis.com/v1beta/projects/locenergy/locations/asia-east1/operations/operation-1753292345038-63a9c2f69d833-f66f2024-0fb2703a {"name":"projects/locenergy/locations/asia-east1/operations/operation-1753292345038-63a9c2f69d833-f66f2024-0fb2703a","metadata":{"@type":"type.googleapis.com/google.firebase.apphosting.v1beta.OperationMetadata","createTime":"2025-07-23T17:39:05.065856553Z","target":"projects/locenergy/locations/asia-east1/backends/my-web-app/builds/build-2025-07-23-002","verb":"create","requestedCancellation":false,"apiVersion":"v1beta"},"done":false}
[debug] [2025-07-23T17:40:04.966Z] [create-locenergy-asia-east1-backend-my-web-app-build-build-2025-07-23-002] Retrying task index 0
[debug] [2025-07-23T17:40:04.966Z] Checked if tokens are valid: true, expires at: 1753295566150
[debug] [2025-07-23T17:40:04.966Z] Checked if tokens are valid: true, expires at: 1753295566150
[debug] [2025-07-23T17:40:04.966Z] >>> [apiv2][query] GET https://firebaseapphosting.googleapis.com/v1beta/projects/locenergy/locations/asia-east1/operations/operation-1753292345038-63a9c2f69d833-f66f2024-0fb2703a [none]
[debug] [2025-07-23T17:40:05.183Z] <<< [apiv2][status] GET https://firebaseapphosting.googleapis.com/v1beta/projects/locenergy/locations/asia-east1/operations/operation-1753292345038-63a9c2f69d833-f66f2024-0fb2703a 200
[debug] [2025-07-23T17:40:05.183Z] <<< [apiv2][body] GET https://firebaseapphosting.googleapis.com/v1beta/projects/locenergy/locations/asia-east1/operations/operation-1753292345038-63a9c2f69d833-f66f2024-0fb2703a {"name":"projects/locenergy/locations/asia-east1/operations/operation-1753292345038-63a9c2f69d833-f66f2024-0fb2703a","metadata":{"@type":"type.googleapis.com/google.firebase.apphosting.v1beta.OperationMetadata","createTime":"2025-07-23T17:39:05.065856553Z","target":"projects/locenergy/locations/asia-east1/backends/my-web-app/builds/build-2025-07-23-002","verb":"create","requestedCancellation":false,"apiVersion":"v1beta"},"done":false}
[debug] [2025-07-23T17:40:15.183Z] [create-locenergy-asia-east1-backend-my-web-app-build-build-2025-07-23-002] Retrying task index 0
[debug] [2025-07-23T17:40:15.183Z] Checked if tokens are valid: true, expires at: 1753295566150
[debug] [2025-07-23T17:40:15.183Z] Checked if tokens are valid: true, expires at: 1753295566150
[debug] [2025-07-23T17:40:15.183Z] >>> [apiv2][query] GET https://firebaseapphosting.googleapis.com/v1beta/projects/locenergy/locations/asia-east1/operations/operation-1753292345038-63a9c2f69d833-f66f2024-0fb2703a [none]
[debug] [2025-07-23T17:40:15.954Z] <<< [apiv2][status] GET https://firebaseapphosting.googleapis.com/v1beta/projects/locenergy/locations/asia-east1/operations/operation-1753292345038-63a9c2f69d833-f66f2024-0fb2703a 200
[debug] [2025-07-23T17:40:15.954Z] <<< [apiv2][body] GET https://firebaseapphosting.googleapis.com/v1beta/projects/locenergy/locations/asia-east1/operations/operation-1753292345038-63a9c2f69d833-f66f2024-0fb2703a {"name":"projects/locenergy/locations/asia-east1/operations/operation-1753292345038-63a9c2f69d833-f66f2024-0fb2703a","metadata":{"@type":"type.googleapis.com/google.firebase.apphosting.v1beta.OperationMetadata","createTime":"2025-07-23T17:39:05.065856553Z","target":"projects/locenergy/locations/asia-east1/backends/my-web-app/builds/build-2025-07-23-002","verb":"create","requestedCancellation":false,"apiVersion":"v1beta"},"done":false}
[debug] [2025-07-23T17:40:25.954Z] [create-locenergy-asia-east1-backend-my-web-app-build-build-2025-07-23-002] Retrying task index 0
[debug] [2025-07-23T17:40:25.954Z] Checked if tokens are valid: true, expires at: 1753295566150
[debug] [2025-07-23T17:40:25.955Z] Checked if tokens are valid: true, expires at: 1753295566150
[debug] [2025-07-23T17:40:25.955Z] >>> [apiv2][query] GET https://firebaseapphosting.googleapis.com/v1beta/projects/locenergy/locations/asia-east1/operations/operation-1753292345038-63a9c2f69d833-f66f2024-0fb2703a [none]
[debug] [2025-07-23T17:40:26.722Z] <<< [apiv2][status] GET https://firebaseapphosting.googleapis.com/v1beta/projects/locenergy/locations/asia-east1/operations/operation-1753292345038-63a9c2f69d833-f66f2024-0fb2703a 200
[debug] [2025-07-23T17:40:26.722Z] <<< [apiv2][body] GET https://firebaseapphosting.googleapis.com/v1beta/projects/locenergy/locations/asia-east1/operations/operation-1753292345038-63a9c2f69d833-f66f2024-0fb2703a {"name":"projects/locenergy/locations/asia-east1/operations/operation-1753292345038-63a9c2f69d833-f66f2024-0fb2703a","metadata":{"@type":"type.googleapis.com/google.firebase.apphosting.v1beta.OperationMetadata","createTime":"2025-07-23T17:39:05.065856553Z","target":"projects/locenergy/locations/asia-east1/backends/my-web-app/builds/build-2025-07-23-002","verb":"create","requestedCancellation":false,"apiVersion":"v1beta"},"done":false}
[debug] [2025-07-23T17:40:36.723Z] [create-locenergy-asia-east1-backend-my-web-app-build-build-2025-07-23-002] Retrying task index 0
[debug] [2025-07-23T17:40:36.723Z] Checked if tokens are valid: true, expires at: 1753295566150
[debug] [2025-07-23T17:40:36.723Z] Checked if tokens are valid: true, expires at: 1753295566150
[debug] [2025-07-23T17:40:36.723Z] >>> [apiv2][query] GET https://firebaseapphosting.googleapis.com/v1beta/projects/locenergy/locations/asia-east1/operations/operation-1753292345038-63a9c2f69d833-f66f2024-0fb2703a [none]
[debug] [2025-07-23T17:40:37.473Z] <<< [apiv2][status] GET https://firebaseapphosting.googleapis.com/v1beta/projects/locenergy/locations/asia-east1/operations/operation-1753292345038-63a9c2f69d833-f66f2024-0fb2703a 200
[debug] [2025-07-23T17:40:37.473Z] <<< [apiv2][body] GET https://firebaseapphosting.googleapis.com/v1beta/projects/locenergy/locations/asia-east1/operations/operation-1753292345038-63a9c2f69d833-f66f2024-0fb2703a {"name":"projects/locenergy/locations/asia-east1/operations/operation-1753292345038-63a9c2f69d833-f66f2024-0fb2703a","metadata":{"@type":"type.googleapis.com/google.firebase.apphosting.v1beta.OperationMetadata","createTime":"2025-07-23T17:39:05.065856553Z","target":"projects/locenergy/locations/asia-east1/backends/my-web-app/builds/build-2025-07-23-002","verb":"create","requestedCancellation":false,"apiVersion":"v1beta"},"done":false}
